1548874211442	mozrunner::runner	INFO	Running command: "C:\\Program Files (x86)\\Mozilla Firefox\\firefox.exe" "-marionette" "-foreground" "-no-remote" "-profile" "C:\\Users\\PC\\AppData\\Local\\Temp\\rust_mozprofile.CbjF8eEDekPe"
1548874461051	mozrunner::runner	INFO	Running command: "C:\\Program Files (x86)\\Mozilla Firefox\\firefox.exe" "-marionette" "-foreground" "-no-remote" "-profile" "C:\\Users\\PC\\AppData\\Local\\Temp\\rust_mozprofile.ikujsvccB0RI"
1548874462448	addons.webextension.screenshots@mozilla.org	WARN	Loading extension 'screenshots@mozilla.org': Reading manifest: Invalid extension permission: mozillaAddons
1548874462464	addons.webextension.screenshots@mozilla.org	WARN	Loading extension 'screenshots@mozilla.org': Reading manifest: Invalid extension permission: resource://pdf.js/
1548874462604	addons.webextension.screenshots@mozilla.org	WARN	Loading extension 'screenshots@mozilla.org': Reading manifest: Invalid extension permission: about:reader*
WARN: compileToBinary(235): 
C:\fakepath(196,14-129): warning X3571: pow(f, e) will not work for negative f, use abs(f) or conditionally handle negative values if you expect them
C:\fakepath(202,58-112): warning X3571: pow(f, e) will not work for negative f, use abs(f) or conditionally handle negative values if you expect them

1548874467854	Marionette	INFO	Listening on port 57085
1548874468233	Marionette	WARN	TLS certificate errors will be ignored for this session
JavaScript error: https://bloks.io/js/chunk-vendors.0610e4f0.js, line 57: SecurityError: The operation is insecure.
JavaScript error: https://bloks.io/js/chunk-vendors.0610e4f0.js, line 44: Error: Request failed with status code 500
1548874489452	Marionette	INFO	Stopped listening on port 57085
[Child 15552, Chrome_ChildThread] WARNING: pipe error: 109: file z:/build/build/src/ipc/chromium/src/chrome/common/ipc_channel_win.cc, line 332
[Parent 836, Gecko_IOThread] WARNING: file z:/build/build/src/ipc/chromium/src/base/process_util_win.cc, line 166
[Child 16756, Chrome_ChildThread] WARNING: pipe error: 109: file z:/build/build/src/ipc/chromium/src/chrome/common/ipc_channel_win.cc, line 332
[Child 16756, Chrome_Chil[Child 9292, Chrome_ChildThread] WARNING: pipe error: 109: file z:/build/build/src/ipc/chromium/src/chrome/common/ipc_channel_win.cc, line 332
[Child 9292, Chrome_ChildThread] WARNING: pipe e[GPU 49
###!!! [Child][RunMessage] Error: Channel closing: too late to send/recv, messages will be lost

32, Chrome_ChildTh
###!!! [Child][MessageChannel::SendAndWait] Error: Channel error: cannot send/recv

1548876031178	mozrunner::runner	INFO	Running command: "C:\\Program Files (x86)\\Mozilla Firefox\\firefox.exe" "-marionette" "-foreground" "-no-remote" "-profile" "C:\\Users\\PC\\AppData\\Local\\Temp\\rust_mozprofile.MoMZVpcAR6eM"
1548876031909	addons.webextension.screenshots@mozilla.org	WARN	Loading extension 'screenshots@mozilla.org': Reading manifest: Invalid extension permission: mozillaAddons
1548876031909	addons.webextension.screenshots@mozilla.org	WARN	Loading extension 'screenshots@mozilla.org': Reading manifest: Invalid extension permission: resource://pdf.js/
1548876031909	addons.webextension.screenshots@mozilla.org	WARN	Loading extension 'screenshots@mozilla.org': Reading manifest: Invalid extension permission: about:reader*
WARN: compileToBinary(235): 
C:\fakepath(196,14-129): warning X3571: pow(f, e) will not work for negative f, use abs(f) or conditionally handle negative values if you expect them
C:\fakepath(202,58-112): warning X3571: pow(f, e) will not work for negative f, use abs(f) or conditionally handle negative values if you expect them

1548876036181	Marionette	INFO	Listening on port 60865
1548876036205	Marionette	WARN	TLS certificate errors will be ignored for this session
JavaScript error: https://bloks.io/js/chunk-vendors.0610e4f0.js, line 57: SecurityError: The operation is insecure.
[Parent 17108, Gecko_IOThread] WARNING: pipe error: 109: file z:/build/build/src/ipc/chromium/src/chrome/common/ipc_channel_win.cc, line 332
[Child 10224, Chrome_ChildThread] WARNING: pipe error: 109: file z:/build/build/src/ipc/chromium/src/chrome/common/ipc_channel_win.cc, line 332
[Child 10224, Chrome_Chil[Child 16620, Chrome_ChildThread] WARNING: pipe error: 109: file z:/build/build/src/ipc/chromium/src/chrome/common/ipc_channel_win.cc, line 332
[Child 16620, Chro[Child 14920, Chrome_ChildThread] WARNING: pipe error: 109: file z:/build/build/src/ipc/chromium/src/chrome/common/ipc_channel_win.cc, line 332
[Child 14920, Chrome1548876053370	Marionette	INFO	Stopped listening on port 60865
[GPU 13152, Chrome_ChildThread] 1548876213504	mozrunner::runner	INFO	Running command: "C:\\Program Files (x86)\\Mozilla Firefox\\firefox.exe" "-marionette" "-foreground" "-no-remote" "-profile" "C:\\Users\\PC\\AppData\\Local\\Temp\\rust_mozprofile.JYfW1AyciRda"
1548876214130	addons.webextension.screenshots@mozilla.org	WARN	Loading extension 'screenshots@mozilla.org': Reading manifest: Invalid extension permission: mozillaAddons
1548876214130	addons.webextension.screenshots@mozilla.org	WARN	Loading extension 'screenshots@mozilla.org': Reading manifest: Invalid extension permission: resource://pdf.js/
1548876214130	addons.webextension.screenshots@mozilla.org	WARN	Loading extension 'screenshots@mozilla.org': Reading manifest: Invalid extension permission: about:reader*
WARN: compileToBinary(235): 
C:\fakepath(196,14-129): warning X3571: pow(f, e) will not work for negative f, use abs(f) or conditionally handle negative values if you expect them
C:\fakepath(202,58-112): warning X3571: pow(f, e) will not work for negative f, use abs(f) or conditionally handle negative values if you expect them

1548876218319	Marionette	INFO	Listening on port 61343
1548876218473	Marionette	WARN	TLS certificate errors will be ignored for this session
JavaScript error: https://bloks.io/js/chunk-vendors.0610e4f0.js, line 57: SecurityError: The operation is insecure.
1548876235660	Marionette	INFO	Stopped listening on port 61343
[Child 6020, Chrome_ChildThread] WARNING: pipe error: 109: file z:/build/build/src/ipc/chromium/src/chrome/common/ipc_channel_win.cc, line 332
[Child 6020, [Child 14880, Chrome_ChildThread] WARNING: pipe error: 109: file z:/build/build/src/ipc/chromium/src/chrome/common/ipc_channel_win.cc, line 332
[Child 14880, Chro[Child 6700, Chrome_ChildThread] WARNING: pipe error: 109: file z:/build/build/src/ipc/chromium/src/chrome/common/ipc_channel_win.cc, line 332
[Child 6700, Chr[GPU 1696
###!!! [Child][RunMessage] Error: Channel closing: too late to send/recv, messages will be lost

0, Chrome_ChildThread] WARNING: pip
###!!! [Child][MessageChannel::SendAndWait] Error: Channel error: cannot send/recv

1548878465133	mozrunner::runner	INFO	Running command: "C:\\Program Files (x86)\\Mozilla Firefox\\firefox.exe" "-marionette" "-foreground" "-no-remote" "-profile" "C:\\Users\\PC\\AppData\\Local\\Temp\\rust_mozprofile.D1xk0Andd3Rn"
1548878465603	addons.webextension.screenshots@mozilla.org	WARN	Loading extension 'screenshots@mozilla.org': Reading manifest: Invalid extension permission: mozillaAddons
1548878465603	addons.webextension.screenshots@mozilla.org	WARN	Loading extension 'screenshots@mozilla.org': Reading manifest: Invalid extension permission: resource://pdf.js/
1548878465603	addons.webextension.screenshots@mozilla.org	WARN	Loading extension 'screenshots@mozilla.org': Reading manifest: Invalid extension permission: about:reader*
WARN: compileToBinary(235): 
C:\fakepath(196,14-129): warning X3571: pow(f, e) will not work for negative f, use abs(f) or conditionally handle negative values if you expect them
C:\fakepath(202,58-112): warning X3571: pow(f, e) will not work for negative f, use abs(f) or conditionally handle negative values if you expect them

1548878470238	Marionette	INFO	Listening on port 50309
1548878470581	Marionette	WARN	TLS certificate errors will be ignored for this session
JavaScript error: https://bloks.io/js/chunk-vendors.0610e4f0.js, line 57: SecurityError: The operation is insecure.
JavaScript error: https://bloks.io/js/chunk-vendors.0610e4f0.js, line 44: Error: Request failed with status code 500
1548878489274	Marionette	INFO	Stopped listening on port 50309
[Child 16420, Chrome_ChildThread] WARNING: pipe error: 109: file z:/build/build/src/ipc/chromium/src/chrome/common/ipc_channel_win.cc, line 332
[Child 16420, Chrome_ChildThread] WARNIN[Parent 13500, Gecko_IOThread] WARNING: pipe error: 109: file z:/build/build/src/ipc/chromium/src/chrome/common/ipc_channel_win.cc, line 332
[Child 15652, Chrome_ChildThread] WARNING: pipe error: 109: file z:/build/build/src/ipc/chromium/src/chrome/common/ipc_channel_win.cc, line 332
[Child 15652, Chrome_ChildThread] WAR[GPU 8180, 
###!!! [Child][RunMessage] Error: Channel closing: too late to send/recv, messages will be lost

Chrome
###!!! [Child][MessageChannel::SendAndWait] Error: Channel error: cannot send/recv

1548904172552	mozrunner::runner	INFO	Running command: "C:\\Program Files (x86)\\Mozilla Firefox\\firefox.exe" "-marionette" "-foreground" "-no-remote" "-profile" "C:\\Users\\PC\\AppData\\Local\\Temp\\rust_mozprofile.OPFAjOmBjEYi"
1548904175277	addons.webextension.screenshots@mozilla.org	WARN	Loading extension 'screenshots@mozilla.org': Reading manifest: Invalid extension permission: mozillaAddons
1548904175278	addons.webextension.screenshots@mozilla.org	WARN	Loading extension 'screenshots@mozilla.org': Reading manifest: Invalid extension permission: resource://pdf.js/
1548904175278	addons.webextension.screenshots@mozilla.org	WARN	Loading extension 'screenshots@mozilla.org': Reading manifest: Invalid extension permission: about:reader*
WARN: compileToBinary(235): 
C:\fakepath(196,14-129): warning X3571: pow(f, e) will not work for negative f, use abs(f) or conditionally handle negative values if you expect them
C:\fakepath(202,58-112): warning X3571: pow(f, e) will not work for negative f, use abs(f) or conditionally handle negative values if you expect them

1548904183582	Marionette	INFO	Listening on port 64312
1548904184202	Marionette	WARN	TLS certificate errors will be ignored for this session
JavaScript error: https://bloks.io/js/chunk-vendors.0610e4f0.js, line 57: SecurityError: The operation is insecure.
1548904200180	Marionette	INFO	Stopped listening on port 64312
[Chi[Child 17628ld 19096, Chr, Chomrome_e_ChilChdThrildead]Thr WARead] WANINGRNI: pNG:ipe  pierrope errorr: 1: 109:09: f fiile zle z:/:/bubuild/ild/buibuilld/d/srsrc/ipc/ipc/chroc/chmiuromim/src/um/schrrc/comehrome/co/commmomon/n/ipc_channel_win.cc, ipc_chlineann 332
el_win.cc, line [Ch332ild
 17628, Chrome[Chi_ChildldT 19096, Chreahrome_d] WARNChiING:ldThrea pipd] e erWAror:RN 1I09: NG: pipe file z:/build/build/src/ipce[Parent 8124, Gecko_IOThread] WARNING: file z:/build/build/src/ipc/chromium/src/base/process_util_win.cc, line 166
[Child 128[GPU 13672, Chrome_
###!!! [Child][RunMessage] Error: Channel closing: too late to send/recv, messages will be lost


###!!! [Child][MessageChannel::SendAndWait] Error: Channel error: cannot send/recv

1548963003915	mozrunner::runner	INFO	Running command: "C:\\Program Files (x86)\\Mozilla Firefox\\firefox.exe" "-marionette" "-foreground" "-no-remote" "-profile" "C:\\Users\\PC\\AppData\\Local\\Temp\\rust_mozprofile.oyI9JIjo7IK7"
1548963009623	addons.webextension.screenshots@mozilla.org	WARN	Loading extension 'screenshots@mozilla.org': Reading manifest: Invalid extension permission: mozillaAddons
1548963009624	addons.webextension.screenshots@mozilla.org	WARN	Loading extension 'screenshots@mozilla.org': Reading manifest: Invalid extension permission: resource://pdf.js/
1548963009624	addons.webextension.screenshots@mozilla.org	WARN	Loading extension 'screenshots@mozilla.org': Reading manifest: Invalid extension permission: about:reader*
WARN: compileToBinary(235): 
C:\fakepath(196,14-129): warning X3571: pow(f, e) will not work for negative f, use abs(f) or conditionally handle negative values if you expect them
C:\fakepath(202,58-112): warning X3571: pow(f, e) will not work for negative f, use abs(f) or conditionally handle negative values if you expect them


###!!! [Child][MessageChannel] Error: (msgtype=0x350105,name=PContent::Msg_RecordDiscardedData) Channel closing: too late to send/recv, messages will be lost

[Child 5744, Chrome_ChildThread] WARNING: pipe error: 109: file z:/build/build/src/ipc/chromium/src/chrome/common/ipc_channel_win.cc, line 332
[Child 5744, Chrom[Parent 12204, Gecko_IOThread] WARNING: file z:/build/build/src/ipc/chromium/src/base/process_util_win.cc, line 166
1548963028457	Marionette	INFO	Listening on port 53049
1548963028860	Marionette	WARN	TLS certificate errors will be ignored for this session
JavaScript error: https://bloks.io/js/chunk-vendors.9cdaf817.js, line 57: SecurityError: The operation is insecure.
JavaScript error: https://bloks.io/js/chunk-vendors.9cdaf817.js, line 44: Error: Request failed with status code 500
1548963051851	Marionette	INFO	Stopped listening on port 53049
[Child 7392, Chrome_ChildThread] WARNING: pipe error: 109: file z:/build/build/src/ipc/chromium/src/chrome/common/ipc_channel_win.cc, line 332
[Child 7392, Chrome_ChildThr[Child 6024, Chrome_ChildThread] WARNING: pipe error: 109: file z:/build/build/src/ipc/chromium/src/chrome/common/ipc_channel_win.cc, line 332
[Child 6024, Chrome_C[GPU 2460
###!!! [Child][RunMessage] Error: Channel closing: too late to send/recv, messages will be lost

, Chrome_ChildThread] WARNING: pi
###!!! [Child][MessageChannel::SendAndWait] Error: Channel error: cannot send/recv

1548963944237	mozrunner::runner	INFO	Running command: "C:\\Program Files (x86)\\Mozilla Firefox\\firefox.exe" "-marionette" "-foreground" "-no-remote" "-profile" "C:\\Users\\PC\\AppData\\Local\\Temp\\rust_mozprofile.2KgPSYoVHv0F"
1548963945411	addons.webextension.screenshots@mozilla.org	WARN	Loading extension 'screenshots@mozilla.org': Reading manifest: Invalid extension permission: mozillaAddons
1548963945411	addons.webextension.screenshots@mozilla.org	WARN	Loading extension 'screenshots@mozilla.org': Reading manifest: Invalid extension permission: resource://pdf.js/
1548963945411	addons.webextension.screenshots@mozilla.org	WARN	Loading extension 'screenshots@mozilla.org': Reading manifest: Invalid extension permission: about:reader*
WARN: compileToBinary(235): 
C:\fakepath(196,14-129): warning X3571: pow(f, e) will not work for negative f, use abs(f) or conditionally handle negative values if you expect them
C:\fakepath(202,58-112): warning X3571: pow(f, e) will not work for negative f, use abs(f) or conditionally handle negative values if you expect them

1548963949708	Marionette	INFO	Listening on port 55196
1548963949782	Marionette	WARN	TLS certificate errors will be ignored for this session
JavaScript error: https://bloks.io/js/chunk-vendors.9cdaf817.js, line 57: SecurityError: The operation is insecure.
1548963968444	Marionette	INFO	Stopped listening on port 55196
[Child 15564, Chrome_ChildThread] WARNING: pipe error: 109: file z:/build/build/src/ipc/chromium/src/chrome/common/ipc_channel_win.cc, line 332
[Child 15564, Chrome_Chi[GPU 15860, Ch
###!!! [Child][RunMessage] Error: Channel closing: too late to send/recv, messages will be lost

rome_ChildTh
###!!! [Child][MessageChannel::SendAndWait] Error: Channel error: cannot send/recv

1548985495576	mozrunner::runner	INFO	Running command: "C:\\Program Files (x86)\\Mozilla Firefox\\firefox.exe" "-marionette" "-foreground" "-no-remote" "-profile" "C:\\Users\\PC\\AppData\\Local\\Temp\\rust_mozprofile.dC7ltpXSMPkG"
1548985496591	addons.webextension.screenshots@mozilla.org	WARN	Loading extension 'screenshots@mozilla.org': Reading manifest: Invalid extension permission: mozillaAddons
1548985496591	addons.webextension.screenshots@mozilla.org	WARN	Loading extension 'screenshots@mozilla.org': Reading manifest: Invalid extension permission: resource://pdf.js/
1548985496591	addons.webextension.screenshots@mozilla.org	WARN	Loading extension 'screenshots@mozilla.org': Reading manifest: Invalid extension permission: about:reader*
WARN: compileToBinary(235): 
C:\fakepath(196,14-129): warning X3571: pow(f, e) will not work for negative f, use abs(f) or conditionally handle negative values if you expect them
C:\fakepath(202,58-112): warning X3571: pow(f, e) will not work for negative f, use abs(f) or conditionally handle negative values if you expect them

1548985499243	Marionette	INFO	Listening on port 53099
1548985499525	Marionette	WARN	TLS certificate errors will be ignored for this session
JavaScript error: https://bloks.io/js/chunk-vendors.9cdaf817.js, line 57: SecurityError: The operation is insecure.
1548985519940	Marionette	INFO	Stopped listening on port 53099
[Parent 1652, Gecko_IOThread] WARNING: pipe error: 109: file z:/build/build/src/ipc/chromium/src/chrome/common/ipc_channel_win.cc, line 332
[Child 19388, Chrome_ChildThread] WARNING: pipe error: 109: file z:/build/build/src/ipc/chromium/src/chrome/common/ipc_channel_win.cc, line 332
[Child 19388, Chrom[GPU 8228, C
###!!! [Child][RunMessage] Error: Channel closing: too late to send/recv, messages will be lost

hrome_ChildThread] WARNING: pipe err
###!!! [Child][MessageChannel::SendAndWait] Error: Channel error: cannot send/recv

1548985722182	mozrunner::runner	INFO	Running command: "C:\\Program Files (x86)\\Mozilla Firefox\\firefox.exe" "-marionette" "-foreground" "-no-remote" "-profile" "C:\\Users\\PC\\AppData\\Local\\Temp\\rust_mozprofile.D1m4C7c4miAZ"
1548985722504	addons.webextension.screenshots@mozilla.org	WARN	Loading extension 'screenshots@mozilla.org': Reading manifest: Invalid extension permission: mozillaAddons
1548985722504	addons.webextension.screenshots@mozilla.org	WARN	Loading extension 'screenshots@mozilla.org': Reading manifest: Invalid extension permission: resource://pdf.js/
1548985722504	addons.webextension.screenshots@mozilla.org	WARN	Loading extension 'screenshots@mozilla.org': Reading manifest: Invalid extension permission: about:reader*
WARN: compileToBinary(235): 
C:\fakepath(196,14-129): warning X3571: pow(f, e) will not work for negative f, use abs(f) or conditionally handle negative values if you expect them
C:\fakepath(202,58-112): warning X3571: pow(f, e) will not work for negative f, use abs(f) or conditionally handle negative values if you expect them

1548985725531	Marionette	INFO	Listening on port 53680
1548985725588	Marionette	WARN	TLS certificate errors will be ignored for this session
JavaScript error: https://bloks.io/js/chunk-vendors.9cdaf817.js, line 57: SecurityError: The operation is insecure.
1548985746522	Marionette	INFO	Stopped listening on port 53680
[Child 17664, Chrome_ChildThread] WARNING: pipe error: 109: file z:/build/build/src/ipc/chromium/src/chrome/common/ipc_channel_win.cc, line 332
[Child 17664, [GPU 6912, Chrome_ChildThread]
###!!! [Child][MessageChannel::SendAndWait] Error: Channel error: cannot send/recv

1548986679782	mozrunner::runner	INFO	Running command: "C:\\Program Files (x86)\\Mozilla Firefox\\firefox.exe" "-marionette" "-foreground" "-no-remote" "-profile" "C:\\Users\\PC\\AppData\\Local\\Temp\\rust_mozprofile.JwhnmU39JDHX"
1548986680067	addons.webextension.screenshots@mozilla.org	WARN	Loading extension 'screenshots@mozilla.org': Reading manifest: Invalid extension permission: mozillaAddons
1548986680067	addons.webextension.screenshots@mozilla.org	WARN	Loading extension 'screenshots@mozilla.org': Reading manifest: Invalid extension permission: resource://pdf.js/
1548986680067	addons.webextension.screenshots@mozilla.org	WARN	Loading extension 'screenshots@mozilla.org': Reading manifest: Invalid extension permission: about:reader*
WARN: compileToBinary(235): 
C:\fakepath(196,14-129): warning X3571: pow(f, e) will not work for negative f, use abs(f) or conditionally handle negative values if you expect them
C:\fakepath(202,58-112): warning X3571: pow(f, e) will not work for negative f, use abs(f) or conditionally handle negative values if you expect them

1548986683879	Marionette	INFO	Listening on port 55994
1548986684128	Marionette	WARN	TLS certificate errors will be ignored for this session
JavaScript error: https://bloks.io/js/chunk-vendors.9cdaf817.js, line 57: SecurityError: The operation is insecure.
1548986706544	Marionette	INFO	Stopped listening on port 55994
[Child 18332, Chrome_ChildThread] WARNING: pipe error: 109: file z:/build/build/src/ipc/chromium/src/chrome/common/ipc_channel_win.cc, line 332
[Child 18332, Chr[Child 18072, Chrome_ChildThread] WARNING: pipe error: 109: file z:/build/build/src/ipc/chromium/src/chrome/common/ipc_channel_win.cc, line 332
[Child 18072, Chrom[Child 18376, Chrome_ChildThread] WARNING: pipe error: 109: file z:/build/build/src/ipc/chromium/src/chrome/common/ipc_channel_win.cc, line 332
[Child 18376, Chro
###!!! [Child][RunMessage] Error: Channel closing: too late to send/recv, messages will be lost

[GPU 1048, Chrome_ChildThread] W
###!!! [Child][MessageChannel::SendAndWait] Error: Channel error: cannot send/recv

1548986865785	mozrunner::runner	INFO	Running command: "C:\\Program Files (x86)\\Mozilla Firefox\\firefox.exe" "-marionette" "-foreground" "-no-remote" "-profile" "C:\\Users\\PC\\AppData\\Local\\Temp\\rust_mozprofile.wckKpSzIgzEG"
1548986866074	addons.webextension.screenshots@mozilla.org	WARN	Loading extension 'screenshots@mozilla.org': Reading manifest: Invalid extension permission: mozillaAddons
1548986866074	addons.webextension.screenshots@mozilla.org	WARN	Loading extension 'screenshots@mozilla.org': Reading manifest: Invalid extension permission: resource://pdf.js/
1548986866074	addons.webextension.screenshots@mozilla.org	WARN	Loading extension 'screenshots@mozilla.org': Reading manifest: Invalid extension permission: about:reader*
WARN: compileToBinary(235): 
C:\fakepath(196,14-129): warning X3571: pow(f, e) will not work for negative f, use abs(f) or conditionally handle negative values if you expect them
C:\fakepath(202,58-112): warning X3571: pow(f, e) will not work for negative f, use abs(f) or conditionally handle negative values if you expect them

1548986869590	Marionette	INFO	Listening on port 56471
1548986869707	Marionette	WARN	TLS certificate errors will be ignored for this session
JavaScript error: https://bloks.io/js/chunk-vendors.9cdaf817.js, line 57: SecurityError: The operation is insecure.
console.error: BroadcastService: 
  receivedBroadcastMessage: handler for
  remote-settings/monitor_changes
  threw error:
  Message: Error: Polling for changes failed: NetworkError when attempting to fetch resource..
  Stack:
    remoteSettingsFunction/remoteSettings.pollChanges@resource://services-settings/remote-settings.js:190:13

1548986892585	Marionette	INFO	Stopped listening on port 56471
[[Child 18672, Chrome_ChildThread] WARNING: pipe error: 109: file z:/build/build/src/ipc/chromium/src/chrome/common/ipc_channel_win.cc, line 332
[Child 18672, Chrom[GP
###!!! [Child][MessageChannel::SendAndWait] Error: Channel error: cannot send/recv

1548987129080	mozrunner::runner	INFO	Running command: "C:\\Program Files (x86)\\Mozilla Firefox\\firefox.exe" "-marionette" "-foreground" "-no-remote" "-profile" "C:\\Users\\PC\\AppData\\Local\\Temp\\rust_mozprofile.e9GezQyYWjyh"
1548987129440	addons.webextension.screenshots@mozilla.org	WARN	Loading extension 'screenshots@mozilla.org': Reading manifest: Invalid extension permission: mozillaAddons
1548987129441	addons.webextension.screenshots@mozilla.org	WARN	Loading extension 'screenshots@mozilla.org': Reading manifest: Invalid extension permission: resource://pdf.js/
1548987129441	addons.webextension.screenshots@mozilla.org	WARN	Loading extension 'screenshots@mozilla.org': Reading manifest: Invalid extension permission: about:reader*
WARN: compileToBinary(235): 
C:\fakepath(196,14-129): warning X3571: pow(f, e) will not work for negative f, use abs(f) or conditionally handle negative values if you expect them
C:\fakepath(202,58-112): warning X3571: pow(f, e) will not work for negative f, use abs(f) or conditionally handle negative values if you expect them

1548987132501	Marionette	INFO	Listening on port 57102
1548987132989	Marionette	WARN	TLS certificate errors will be ignored for this session
JavaScript error: https://bloks.io/js/chunk-vendors.9cdaf817.js, line 57: SecurityError: The operation is insecure.
1548987158547	Marionette	INFO	Stopped listening on port 57102
[Child 15476, Chrome_ChildThread] WARNING: pipe error: 109: file z:/build/build/src/ipc/chromium/src/chrome/common/ipc_channel_win.cc, line 332
[Child 15476, Chrome_ChildThrea[Child 16332, Chrome_ChildThread] WARNING: pipe error: 109: file z:/build/build/src/ipc/chromium/src/chrome/common/ipc_channel_win.cc, line 332
[Child 163[GPU 18148, C
###!!! [Child][RunMessage] Error: Channel closing: too late to send/recv, messages will be lost

hrome_
###!!! [Child][MessageChannel::SendAndWait] Error: Channel error: cannot send/recv

1548987256053	mozrunner::runner	INFO	Running command: "C:\\Program Files (x86)\\Mozilla Firefox\\firefox.exe" "-marionette" "-foreground" "-no-remote" "-profile" "C:\\Users\\PC\\AppData\\Local\\Temp\\rust_mozprofile.8PnRPVSb7hci"
1548987256457	addons.webextension.screenshots@mozilla.org	WARN	Loading extension 'screenshots@mozilla.org': Reading manifest: Invalid extension permission: mozillaAddons
1548987256457	addons.webextension.screenshots@mozilla.org	WARN	Loading extension 'screenshots@mozilla.org': Reading manifest: Invalid extension permission: resource://pdf.js/
1548987256457	addons.webextension.screenshots@mozilla.org	WARN	Loading extension 'screenshots@mozilla.org': Reading manifest: Invalid extension permission: about:reader*
WARN: compileToBinary(235): 
C:\fakepath(196,14-129): warning X3571: pow(f, e) will not work for negative f, use abs(f) or conditionally handle negative values if you expect them
C:\fakepath(202,58-112): warning X3571: pow(f, e) will not work for negative f, use abs(f) or conditionally handle negative values if you expect them

1548987260561	Marionette	INFO	Listening on port 57456
1548987260590	Marionette	WARN	TLS certificate errors will be ignored for this session
JavaScript error: https://bloks.io/js/chunk-vendors.9cdaf817.js, line 57: SecurityError: The operation is insecure.
1548987292298	Marionette	INFO	Stopped listening on port 57456
[Parent 10704, Gecko_IOThread] WARNING: pipe error: 109: file z:/build/build/src/ipc/chromium/src/chrome/common/ipc_channel_win.cc, line 332
[Child 2560, Chrome_ChildThread] WARNING: pipe error: 109: file z:/build/build/src/ipc/chromium/src/chrome/common/ipc_channel_win.cc, line 332
[Child 2560, Chrome_ChildThread[[GPU 18968, Chr
###!!! [Child][RunMessage] Error: Channel closing: too late to send/recv, messages will be lost

o
###!!! [Child][MessageChannel::SendAndWait] Error: Channel error: cannot send/recv

1548987561696	mozrunner::runner	INFO	Running command: "C:\\Program Files (x86)\\Mozilla Firefox\\firefox.exe" "-marionette" "-foreground" "-no-remote" "-profile" "C:\\Users\\PC\\AppData\\Local\\Temp\\rust_mozprofile.8soSumwu8UTz"
1548987562016	addons.webextension.screenshots@mozilla.org	WARN	Loading extension 'screenshots@mozilla.org': Reading manifest: Invalid extension permission: mozillaAddons
1548987562016	addons.webextension.screenshots@mozilla.org	WARN	Loading extension 'screenshots@mozilla.org': Reading manifest: Invalid extension permission: resource://pdf.js/
1548987562016	addons.webextension.screenshots@mozilla.org	WARN	Loading extension 'screenshots@mozilla.org': Reading manifest: Invalid extension permission: about:reader*
WARN: compileToBinary(235): 
C:\fakepath(196,14-129): warning X3571: pow(f, e) will not work for negative f, use abs(f) or conditionally handle negative values if you expect them
C:\fakepath(202,58-112): warning X3571: pow(f, e) will not work for negative f, use abs(f) or conditionally handle negative values if you expect them

1548987566057	Marionette	INFO	Listening on port 58201
1548987566173	Marionette	WARN	TLS certificate errors will be ignored for this session
JavaScript error: https://bloks.io/js/chunk-vendors.9cdaf817.js, line 57: SecurityError: The operation is insecure.
console.error: BroadcastService: 
  receivedBroadcastMessage: handler for
  remote-settings/monitor_changes
  threw error:
  Message: Error: Polling for changes failed: NetworkError when attempting to fetch resource..
  Stack:
    remoteSettingsFunction/remoteSettings.pollChanges@resource://services-settings/remote-settings.js:190:13

JavaScript error: https://bloks.io/js/chunk-vendors.9cdaf817.js, line 44: Error: Request failed with status code 500
1548987609804	Marionette	INFO	Stopped listening on port 58201
[Child 12964, Chrome_ChildThread] WARNING: pipe error: 109: file z:/build/build/src/ipc/chromium/src/chrome/common/ipc_channel_win.cc, line 332
[Child 12964, Chro[Child 13240, Chrome_ChildThread] WARNING: pipe error: 109: file z:/build/build/src/ipc/chromium/src/chrome/common/ipc_channel_win.cc, line 332
[Child 13240, Chro[GPU 1916
###!!! [Child][RunMessage] Error: Channel closing: too late to send/recv, messages will be lost

, Chrome_ChildThread] WARNING: pipe erro
###!!! [Child][MessageChannel::SendAndWait] Error: Channel error: cannot send/recv

1548990317406	mozrunner::runner	INFO	Running command: "C:\\Program Files (x86)\\Mozilla Firefox\\firefox.exe" "-marionette" "-foreground" "-no-remote" "-profile" "C:\\Users\\PC\\AppData\\Local\\Temp\\rust_mozprofile.LDzxxn9Qpa7P"
1548990320022	addons.webextension.screenshots@mozilla.org	WARN	Loading extension 'screenshots@mozilla.org': Reading manifest: Invalid extension permission: mozillaAddons
1548990320023	addons.webextension.screenshots@mozilla.org	WARN	Loading extension 'screenshots@mozilla.org': Reading manifest: Invalid extension permission: resource://pdf.js/
1548990320023	addons.webextension.screenshots@mozilla.org	WARN	Loading extension 'screenshots@mozilla.org': Reading manifest: Invalid extension permission: about:reader*
WARN: compileToBinary(235): 
C:\fakepath(196,14-129): warning X3571: pow(f, e) will not work for negative f, use abs(f) or conditionally handle negative values if you expect them
C:\fakepath(202,58-112): warning X3571: pow(f, e) will not work for negative f, use abs(f) or conditionally handle negative values if you expect them

1548990327525	Marionette	INFO	Listening on port 65075
1548990327937	Marionette	WARN	TLS certificate errors will be ignored for this session
JavaScript error: https://bloks.io/js/chunk-vendors.9cdaf817.js, line 57: SecurityError: The operation is insecure.
JavaScript error: https://bloks.io/js/chunk-vendors.9cdaf817.js, line 44: Error: Request failed with status code 500
console.error: BroadcastService: 
  receivedBroadcastMessage: handler for
  remote-settings/monitor_changes
  threw error:
  Message: Error: Polling for changes failed: NetworkError when attempting to fetch resource..
  Stack:
    remoteSettingsFunction/remoteSettings.pollChanges@resource://services-settings/remote-settings.js:190:13

1548990575246	Marionette	INFO	Stopped listening on port 65075
[Parent 14244, Gecko_IOThread] WARNING: pipe error: 109: file z:/build/build/src/ipc/chromium/src/chrome/common/ipc_channel_win.cc, line 332
[Child 12652, Chrome_ChildThread] WARNING: pipe error: 109: file z:/build/build/src/ipc/chromium/src/chrome/common/ipc_channel_win.cc, line 332
[Parent 14244, Gecko_IOThread] WARNING: file z:/build/build/src/ipc/chromium/src/base/process_util_win.cc, line 166
[Child 7744, Chrome_ChildThread] WARNING: pipe error: 109: file z:/build/build/src/ipc/chromium/src/chrome/common/ipc_channel_win.cc, line 332
[Child 7744, Chrom[Child 5684, Chrome_ChildThread] WARNING: pipe error: 109: file z:/build/build/src/ipc/chromium/src/chrome/common/ipc_channel_win.cc, line 332
[Child 5684, Chrom[GPU 870
###!!! [Child][RunMessage] Error: Channel closing: too late to send/recv, messages will be lost

8, Chro1549011323173	mozrunner::runner	INFO	Running command: "C:\\Program Files (x86)\\Mozilla Firefox\\firefox.exe" "-marionette" "-foreground" "-no-remote" "-profile" "C:\\Users\\PC\\AppData\\Local\\Temp\\rust_mozprofile.OHaY1zO2YzrU"
1549011324326	addons.webextension.screenshots@mozilla.org	WARN	Loading extension 'screenshots@mozilla.org': Reading manifest: Invalid extension permission: mozillaAddons
1549011324326	addons.webextension.screenshots@mozilla.org	WARN	Loading extension 'screenshots@mozilla.org': Reading manifest: Invalid extension permission: resource://pdf.js/
1549011324326	addons.webextension.screenshots@mozilla.org	WARN	Loading extension 'screenshots@mozilla.org': Reading manifest: Invalid extension permission: about:reader*
WARN: compileToBinary(235): 
C:\fakepath(196,14-129): warning X3571: pow(f, e) will not work for negative f, use abs(f) or conditionally handle negative values if you expect them
C:\fakepath(202,58-112): warning X3571: pow(f, e) will not work for negative f, use abs(f) or conditionally handle negative values if you expect them

1549011328773	Marionette	INFO	Listening on port 60863
1549011329239	Marionette	WARN	TLS certificate errors will be ignored for this session
JavaScript error: https://bloks.io/js/chunk-vendors.9cdaf817.js, line 57: SecurityError: The operation is insecure.
1549011359360	Marionette	INFO	Stopped listening on port 60863

###!!! [Child][RunMessage] Error: Channel closing: too late to send/recv, messages will be lost

[GPU 15676, Chrome_ChildThrea
###!!! [Child][MessageChannel::SendAndWait] Error: Channel error: cannot send/recv

